<?xml version="1.0" encoding="UTF-8"?>
<!-- Generated by org.testng.reporters.JUnitXMLReporter -->
<testsuite ignored="0" hostname="DESKTOP-D4ING0F" failures="0" tests="1" name="Test" time="4.051" errors="0" timestamp="2022-11-14T22:51:10 IST">
  <testcase classname="com.Utility.BaseClass1" name="@BeforeMethod b1" time="4.009">
    <failure type="java.lang.NullPointerException" message="Cannot invoke &amp;quot;org.apache.poi.xssf.usermodel.XSSFWorkbook.getSheet(String)&amp;quot; because &amp;quot;this.xs&amp;quot; is null">
      <![CDATA[java.lang.NullPointerException: Cannot invoke "org.apache.poi.xssf.usermodel.XSSFWorkbook.getSheet(String)" because "this.xs" is null
at com.Utility.ExcelDataProvider1.gm(ExcelDataProvider1.java:17)
at com.Utility.BaseClass1.b1(BaseClass1.java:23)
at java.base/java.util.ArrayList.forEach(ArrayList.java:1511)
... Removed 29 stack frames]]>
    </failure>
  </testcase> <!-- @BeforeMethod b1 -->
  <testcase classname="com.Utility.BaseClass1" name="@AfterMethod browserClosing" time="-1.668446470509E9">
    <skipped/>
  </testcase> <!-- @AfterMethod browserClosing -->
  <testcase classname="com.Test.Test12" name="loginPage" time="0.0">
    <skipped/>
  </testcase> <!-- loginPage -->
</testsuite> <!-- Test -->
